<?xml version="1.0" encoding="UTF-8"?>
<testsuite xmlns:xsi="http://www.w3.org/2001/XMLSchema-instance" xsi:noNamespaceSchemaLocation="https://maven.apache.org/surefire/maven-surefire-plugin/xsd/surefire-test-report.xsd" name="com.handong.oh318.ExtracterTest" time="0.597" tests="3" errors="0" skipped="0" failures="0">
  <properties>
    <property name="java.specification.version" value="16"/>
    <property name="sun.jnu.encoding" value="UTF-8"/>
    <property name="java.class.path" value="/Users/jinil/Desktop/dio/J-Diagram/converter/target/test-classes:/Users/jinil/Desktop/dio/J-Diagram/converter/target/classes:/Users/jinil/.m2/repository/junit/junit/4.11/junit-4.11.jar:/Users/jinil/.m2/repository/org/hamcrest/hamcrest-core/1.3/hamcrest-core-1.3.jar:/Users/jinil/.m2/repository/org/jboss/forge/roaster/roaster-api/2.24.0.Final/roaster-api-2.24.0.Final.jar:/Users/jinil/.m2/repository/org/jboss/forge/roaster/roaster-jdt/2.24.0.Final/roaster-jdt-2.24.0.Final.jar:/Users/jinil/.m2/repository/commons-io/commons-io/2.11.0/commons-io-2.11.0.jar:/Users/jinil/.m2/repository/org/assertj/assertj-core/3.6.2/assertj-core-3.6.2.jar:"/>
    <property name="java.vm.vendor" value="Homebrew"/>
    <property name="sun.arch.data.model" value="64"/>
    <property name="java.vendor.url" value="https://github.com/Homebrew/homebrew-core/issues"/>
    <property name="os.name" value="Mac OS X"/>
    <property name="java.vm.specification.version" value="16"/>
    <property name="sun.java.launcher" value="SUN_STANDARD"/>
    <property name="user.country" value="KR"/>
    <property name="sun.boot.library.path" value="/usr/local/Cellar/openjdk/16.0.2/libexec/openjdk.jdk/Contents/Home/lib"/>
    <property name="sun.java.command" value="/Users/jinil/Desktop/dio/J-Diagram/converter/target/surefire/surefirebooter3356444559089298356.jar /Users/jinil/Desktop/dio/J-Diagram/converter/target/surefire 2022-05-28T18-50-36_081-jvmRun1 surefire15448144674905342000tmp surefire_09273534147012409002tmp"/>
    <property name="http.nonProxyHosts" value="lx.astxsvc.com|*.lx.astxsvc.com"/>
    <property name="jdk.debug" value="release"/>
    <property name="surefire.test.class.path" value="/Users/jinil/Desktop/dio/J-Diagram/converter/target/test-classes:/Users/jinil/Desktop/dio/J-Diagram/converter/target/classes:/Users/jinil/.m2/repository/junit/junit/4.11/junit-4.11.jar:/Users/jinil/.m2/repository/org/hamcrest/hamcrest-core/1.3/hamcrest-core-1.3.jar:/Users/jinil/.m2/repository/org/jboss/forge/roaster/roaster-api/2.24.0.Final/roaster-api-2.24.0.Final.jar:/Users/jinil/.m2/repository/org/jboss/forge/roaster/roaster-jdt/2.24.0.Final/roaster-jdt-2.24.0.Final.jar:/Users/jinil/.m2/repository/commons-io/commons-io/2.11.0/commons-io-2.11.0.jar:/Users/jinil/.m2/repository/org/assertj/assertj-core/3.6.2/assertj-core-3.6.2.jar:"/>
    <property name="sun.cpu.endian" value="little"/>
    <property name="user.home" value="/Users/jinil"/>
    <property name="user.language" value="ko"/>
    <property name="java.specification.vendor" value="Oracle Corporation"/>
    <property name="java.version.date" value="2021-07-20"/>
    <property name="java.home" value="/usr/local/Cellar/openjdk/16.0.2/libexec/openjdk.jdk/Contents/Home"/>
    <property name="file.separator" value="/"/>
    <property name="basedir" value="/Users/jinil/Desktop/dio/J-Diagram/converter"/>
    <property name="java.vm.compressedOopsMode" value="Zero based"/>
    <property name="line.separator" value="&#10;"/>
    <property name="java.specification.name" value="Java Platform API Specification"/>
    <property name="java.vm.specification.vendor" value="Oracle Corporation"/>
    <property name="surefire.real.class.path" value="/Users/jinil/Desktop/dio/J-Diagram/converter/target/surefire/surefirebooter3356444559089298356.jar"/>
    <property name="sun.management.compiler" value="HotSpot 64-Bit Tiered Compilers"/>
    <property name="ftp.nonProxyHosts" value="lx.astxsvc.com|*.lx.astxsvc.com"/>
    <property name="java.runtime.version" value="16.0.2+0"/>
    <property name="user.name" value="jinil"/>
    <property name="path.separator" value=":"/>
    <property name="os.version" value="11.5.2"/>
    <property name="java.runtime.name" value="OpenJDK Runtime Environment"/>
    <property name="file.encoding" value="UTF-8"/>
    <property name="java.vm.name" value="OpenJDK 64-Bit Server VM"/>
    <property name="java.vendor.version" value="Homebrew"/>
    <property name="localRepository" value="/Users/jinil/.m2/repository"/>
    <property name="java.vendor.url.bug" value="https://github.com/Homebrew/homebrew-core/issues"/>
    <property name="java.io.tmpdir" value="/var/folders/vn/581qb81503705rfyk_354plc0000gn/T/"/>
    <property name="java.version" value="16.0.2"/>
    <property name="user.dir" value="/Users/jinil/Desktop/dio/J-Diagram/converter"/>
    <property name="os.arch" value="x86_64"/>
    <property name="java.vm.specification.name" value="Java Virtual Machine Specification"/>
    <property name="java.library.path" value="/Users/jinil/Library/Java/Extensions:/Library/Java/Extensions:/Network/Library/Java/Extensions:/System/Library/Java/Extensions:/usr/lib/java:."/>
    <property name="java.vm.info" value="mixed mode, sharing"/>
    <property name="java.vendor" value="Homebrew"/>
    <property name="java.vm.version" value="16.0.2+0"/>
    <property name="sun.io.unicode.encoding" value="UnicodeBig"/>
    <property name="socksNonProxyHosts" value="lx.astxsvc.com|*.lx.astxsvc.com"/>
    <property name="java.class.version" value="60.0"/>
  </properties>
  <testcase name="testGetJavaFilepaths" classname="com.handong.oh318.ExtracterTest" time="0.493"/>
  <testcase name="testGetJaveClassSource" classname="com.handong.oh318.ExtracterTest" time="0.022"/>
  <testcase name="testInitXMLFile" classname="com.handong.oh318.ExtracterTest" time="0.032"/>
</testsuite>